[2022-05-16 14:58:39] local.ERROR: No application encryption key has been specified. {"exception":"[object] (Illuminate\\Encryption\\MissingAppKeyException(code: 0): No application encryption key has been specified. at /home/runner/Laravel-9/vendor/laravel/framework/src/Illuminate/Encryption/EncryptionServiceProvider.php:79)
[stacktrace]
#0 /home/runner/Laravel-9/vendor/laravel/framework/src/Illuminate/Support/helpers.php(302): Illuminate\\Encryption\\EncryptionServiceProvider->Illuminate\\Encryption\\{closure}('')
#1 /home/runner/Laravel-9/vendor/laravel/framework/src/Illuminate/Encryption/EncryptionServiceProvider.php(81): tap('', Object(Closure))
#2 /home/runner/Laravel-9/vendor/laravel/framework/src/Illuminate/Encryption/EncryptionServiceProvider.php(60): Illuminate\\Encryption\\EncryptionServiceProvider->key(Array)
#3 /home/runner/Laravel-9/vendor/laravel/framework/src/Illuminate/Encryption/EncryptionServiceProvider.php(32): Illuminate\\Encryption\\EncryptionServiceProvider->parseKey(Array)
#4 /home/runner/Laravel-9/vendor/laravel/framework/src/Illuminate/Container/Container.php(871): Illuminate\\Encryption\\EncryptionServiceProvider->Illuminate\\Encryption\\{closure}(Object(Illuminate\\Foundation\\Application), Array)
#5 /home/runner/Laravel-9/vendor/laravel/framework/src/Illuminate/Container/Container.php(756): Illuminate\\Container\\Container->build(Object(Closure))
#6 /home/runner/Laravel-9/vendor/laravel/framework/src/Illuminate/Foundation/Application.php(855): Illuminate\\Container\\Container->resolve('encrypter', Array, true)
#7 /home/runner/Laravel-9/vendor/laravel/framework/src/Illuminate/Container/Container.php(692): Illuminate\\Foundation\\Application->resolve('encrypter', Array)
#8 /home/runner/Laravel-9/vendor/laravel/framework/src/Illuminate/Foundation/Application.php(840): Illuminate\\Container\\Container->make('encrypter', Array)
#9 /home/runner/Laravel-9/vendor/laravel/framework/src/Illuminate/Container/Container.php(1025): Illuminate\\Foundation\\Application->make('encrypter')
#10 /home/runner/Laravel-9/vendor/laravel/framework/src/Illuminate/Container/Container.php(945): Illuminate\\Container\\Container->resolveClass(Object(ReflectionParameter))
#11 /home/runner/Laravel-9/vendor/laravel/framework/src/Illuminate/Container/Container.php(906): Illuminate\\Container\\Container->resolveDependencies(Array)
#12 /home/runner/Laravel-9/vendor/laravel/framework/src/Illuminate/Container/Container.php(756): Illuminate\\Container\\Container->build('App\\\\Http\\\\Middle...')
#13 /home/runner/Laravel-9/vendor/laravel/framework/src/Illuminate/Foundation/Application.php(855): Illuminate\\Container\\Container->resolve('App\\\\Http\\\\Middle...', Array, true)
#14 /home/runner/Laravel-9/vendor/laravel/framework/src/Illuminate/Container/Container.php(692): Illuminate\\Foundation\\Application->resolve('App\\\\Http\\\\Middle...', Array)
#15 /home/runner/Laravel-9/vendor/laravel/framework/src/Illuminate/Foundation/Application.php(840): Illuminate\\Container\\Container->make('App\\\\Http\\\\Middle...', Array)
#16 /home/runner/Laravel-9/vendor/laravel/framework/src/Illuminate/Pipeline/Pipeline.php(169): Illuminate\\Foundation\\Application->make('App\\\\Http\\\\Middle...')
#17 /home/runner/Laravel-9/vendor/laravel/framework/src/Illuminate/Pipeline/Pipeline.php(116): Illuminate\\Pipeline\\Pipeline->Illuminate\\Pipeline\\{closure}(Object(Illuminate\\Http\\Request))
#18 /home/runner/Laravel-9/vendor/laravel/framework/src/Illuminate/Routing/Router.php(726): Illuminate\\Pipeline\\Pipeline->then(Object(Closure))
#19 /home/runner/Laravel-9/vendor/laravel/framework/src/Illuminate/Routing/Router.php(703): Illuminate\\Routing\\Router->runRouteWithinStack(Object(Illuminate\\Routing\\Route), Object(Illuminate\\Http\\Request))
#20 /home/runner/Laravel-9/vendor/laravel/framework/src/Illuminate/Routing/Router.php(667): Illuminate\\Routing\\Router->runRoute(Object(Illuminate\\Http\\Request), Object(Illuminate\\Routing\\Route))
#21 /home/runner/Laravel-9/vendor/laravel/framework/src/Illuminate/Routing/Router.php(656): Illuminate\\Routing\\Router->dispatchToRoute(Object(Illuminate\\Http\\Request))
#22 /home/runner/Laravel-9/vendor/laravel/framework/src/Illuminate/Foundation/Http/Kernel.php(167): Illuminate\\Routing\\Router->dispatch(Object(Illuminate\\Http\\Request))
#23 /home/runner/Laravel-9/vendor/laravel/framework/src/Illuminate/Pipeline/Pipeline.php(141): Illuminate\\Foundation\\Http\\Kernel->Illuminate\\Foundation\\Http\\{closure}(Object(Illuminate\\Http\\Request))
#24 /home/runner/Laravel-9/vendor/laravel/framework/src/Illuminate/Foundation/Http/Middleware/TransformsRequest.php(21): Illuminate\\Pipeline\\Pipeline->Illuminate\\Pipeline\\{closure}(Object(Illuminate\\Http\\Request))
#25 /home/runner/Laravel-9/vendor/laravel/framework/src/Illuminate/Foundation/Http/Middleware/ConvertEmptyStringsToNull.php(31): Illuminate\\Foundation\\Http\\Middleware\\TransformsRequest->handle(Object(Illuminate\\Http\\Request), Object(Closure))
#26 /home/runner/Laravel-9/vendor/laravel/framework/src/Illuminate/Pipeline/Pipeline.php(180): Illuminate\\Foundation\\Http\\Middleware\\ConvertEmptyStringsToNull->handle(Object(Illuminate\\Http\\Request), Object(Closure))
#27 /home/runner/Laravel-9/vendor/laravel/framework/src/Illuminate/Foundation/Http/Middleware/TransformsRequest.php(21): Illuminate\\Pipeline\\Pipeline->Illuminate\\Pipeline\\{closure}(Object(Illuminate\\Http\\Request))
#28 /home/runner/Laravel-9/vendor/laravel/framework/src/Illuminate/Foundation/Http/Middleware/TrimStrings.php(40): Illuminate\\Foundation\\Http\\Middleware\\TransformsRequest->handle(Object(Illuminate\\Http\\Request), Object(Closure))
#29 /home/runner/Laravel-9/vendor/laravel/framework/src/Illuminate/Pipeline/Pipeline.php(180): Illuminate\\Foundation\\Http\\Middleware\\TrimStrings->handle(Object(Illuminate\\Http\\Request), Object(Closure))
#30 /home/runner/Laravel-9/vendor/laravel/framework/src/Illuminate/Foundation/Http/Middleware/ValidatePostSize.php(27): Illuminate\\Pipeline\\Pipeline->Illuminate\\Pipeline\\{closure}(Object(Illuminate\\Http\\Request))
#31 /home/runner/Laravel-9/vendor/laravel/framework/src/Illuminate/Pipeline/Pipeline.php(180): Illuminate\\Foundation\\Http\\Middleware\\ValidatePostSize->handle(Object(Illuminate\\Http\\Request), Object(Closure))
#32 /home/runner/Laravel-9/vendor/laravel/framework/src/Illuminate/Foundation/Http/Middleware/PreventRequestsDuringMaintenance.php(86): Illuminate\\Pipeline\\Pipeline->Illuminate\\Pipeline\\{closure}(Object(Illuminate\\Http\\Request))
#33 /home/runner/Laravel-9/vendor/laravel/framework/src/Illuminate/Pipeline/Pipeline.php(180): Illuminate\\Foundation\\Http\\Middleware\\PreventRequestsDuringMaintenance->handle(Object(Illuminate\\Http\\Request), Object(Closure))
#34 /home/runner/Laravel-9/vendor/laravel/framework/src/Illuminate/Http/Middleware/HandleCors.php(49): Illuminate\\Pipeline\\Pipeline->Illuminate\\Pipeline\\{closure}(Object(Illuminate\\Http\\Request))
#35 /home/runner/Laravel-9/vendor/laravel/framework/src/Illuminate/Pipeline/Pipeline.php(180): Illuminate\\Http\\Middleware\\HandleCors->handle(Object(Illuminate\\Http\\Request), Object(Closure))
#36 /home/runner/Laravel-9/vendor/laravel/framework/src/Illuminate/Http/Middleware/TrustProxies.php(39): Illuminate\\Pipeline\\Pipeline->Illuminate\\Pipeline\\{closure}(Object(Illuminate\\Http\\Request))
#37 /home/runner/Laravel-9/vendor/laravel/framework/src/Illuminate/Pipeline/Pipeline.php(180): Illuminate\\Http\\Middleware\\TrustProxies->handle(Object(Illuminate\\Http\\Request), Object(Closure))
#38 /home/runner/Laravel-9/vendor/laravel/framework/src/Illuminate/Pipeline/Pipeline.php(116): Illuminate\\Pipeline\\Pipeline->Illuminate\\Pipeline\\{closure}(Object(Illuminate\\Http\\Request))
#39 /home/runner/Laravel-9/vendor/laravel/framework/src/Illuminate/Foundation/Http/Kernel.php(142): Illuminate\\Pipeline\\Pipeline->then(Object(Closure))
#40 /home/runner/Laravel-9/vendor/laravel/framework/src/Illuminate/Foundation/Http/Kernel.php(111): Illuminate\\Foundation\\Http\\Kernel->sendRequestThroughRouter(Object(Illuminate\\Http\\Request))
#41 /home/runner/Laravel-9/public/index.php(52): Illuminate\\Foundation\\Http\\Kernel->handle(Object(Illuminate\\Http\\Request))
#42 /home/runner/Laravel-9/vendor/laravel/framework/src/Illuminate/Foundation/resources/server.php(16): require_once('/home/runner/La...')
#43 {main}
"} 
[2022-05-16 14:58:39] local.ERROR: No application encryption key has been specified. {"exception":"[object] (Illuminate\\Encryption\\MissingAppKeyException(code: 0): No application encryption key has been specified. at /home/runner/Laravel-9/vendor/laravel/framework/src/Illuminate/Encryption/EncryptionServiceProvider.php:79)
[stacktrace]
#0 /home/runner/Laravel-9/vendor/laravel/framework/src/Illuminate/Support/helpers.php(302): Illuminate\\Encryption\\EncryptionServiceProvider->Illuminate\\Encryption\\{closure}('')
#1 /home/runner/Laravel-9/vendor/laravel/framework/src/Illuminate/Encryption/EncryptionServiceProvider.php(81): tap('', Object(Closure))
#2 /home/runner/Laravel-9/vendor/laravel/framework/src/Illuminate/Encryption/EncryptionServiceProvider.php(60): Illuminate\\Encryption\\EncryptionServiceProvider->key(Array)
#3 /home/runner/Laravel-9/vendor/laravel/framework/src/Illuminate/Encryption/EncryptionServiceProvider.php(32): Illuminate\\Encryption\\EncryptionServiceProvider->parseKey(Array)
#4 /home/runner/Laravel-9/vendor/laravel/framework/src/Illuminate/Container/Container.php(871): Illuminate\\Encryption\\EncryptionServiceProvider->Illuminate\\Encryption\\{closure}(Object(Illuminate\\Foundation\\Application), Array)
#5 /home/runner/Laravel-9/vendor/laravel/framework/src/Illuminate/Container/Container.php(756): Illuminate\\Container\\Container->build(Object(Closure))
#6 /home/runner/Laravel-9/vendor/laravel/framework/src/Illuminate/Foundation/Application.php(855): Illuminate\\Container\\Container->resolve('encrypter', Array, true)
#7 /home/runner/Laravel-9/vendor/laravel/framework/src/Illuminate/Container/Container.php(692): Illuminate\\Foundation\\Application->resolve('encrypter', Array)
#8 /home/runner/Laravel-9/vendor/laravel/framework/src/Illuminate/Foundation/Application.php(840): Illuminate\\Container\\Container->make('encrypter', Array)
#9 /home/runner/Laravel-9/vendor/laravel/framework/src/Illuminate/Container/Container.php(1025): Illuminate\\Foundation\\Application->make('encrypter')
#10 /home/runner/Laravel-9/vendor/laravel/framework/src/Illuminate/Container/Container.php(945): Illuminate\\Container\\Container->resolveClass(Object(ReflectionParameter))
#11 /home/runner/Laravel-9/vendor/laravel/framework/src/Illuminate/Container/Container.php(906): Illuminate\\Container\\Container->resolveDependencies(Array)
#12 /home/runner/Laravel-9/vendor/laravel/framework/src/Illuminate/Container/Container.php(756): Illuminate\\Container\\Container->build('App\\\\Http\\\\Middle...')
#13 /home/runner/Laravel-9/vendor/laravel/framework/src/Illuminate/Foundation/Application.php(855): Illuminate\\Container\\Container->resolve('App\\\\Http\\\\Middle...', Array, true)
#14 /home/runner/Laravel-9/vendor/laravel/framework/src/Illuminate/Container/Container.php(692): Illuminate\\Foundation\\Application->resolve('App\\\\Http\\\\Middle...', Array)
#15 /home/runner/Laravel-9/vendor/laravel/framework/src/Illuminate/Foundation/Application.php(840): Illuminate\\Container\\Container->make('App\\\\Http\\\\Middle...', Array)
#16 /home/runner/Laravel-9/vendor/laravel/framework/src/Illuminate/Foundation/Http/Kernel.php(206): Illuminate\\Foundation\\Application->make('App\\\\Http\\\\Middle...')
#17 /home/runner/Laravel-9/vendor/laravel/framework/src/Illuminate/Foundation/Http/Kernel.php(180): Illuminate\\Foundation\\Http\\Kernel->terminateMiddleware(Object(Illuminate\\Http\\Request), Object(Illuminate\\Http\\Response))
#18 /home/runner/Laravel-9/public/index.php(55): Illuminate\\Foundation\\Http\\Kernel->terminate(Object(Illuminate\\Http\\Request), Object(Illuminate\\Http\\Response))
#19 /home/runner/Laravel-9/vendor/laravel/framework/src/Illuminate/Foundation/resources/server.php(16): require_once('/home/runner/La...')
#20 {main}
"} 
[2022-05-16 14:58:56] local.ERROR: No application encryption key has been specified. {"exception":"[object] (Illuminate\\Encryption\\MissingAppKeyException(code: 0): No application encryption key has been specified. at /home/runner/Laravel-9/vendor/laravel/framework/src/Illuminate/Encryption/EncryptionServiceProvider.php:79)
[stacktrace]
#0 /home/runner/Laravel-9/vendor/laravel/framework/src/Illuminate/Support/helpers.php(302): Illuminate\\Encryption\\EncryptionServiceProvider->Illuminate\\Encryption\\{closure}('')
#1 /home/runner/Laravel-9/vendor/laravel/framework/src/Illuminate/Encryption/EncryptionServiceProvider.php(81): tap('', Object(Closure))
#2 /home/runner/Laravel-9/vendor/laravel/framework/src/Illuminate/Encryption/EncryptionServiceProvider.php(60): Illuminate\\Encryption\\EncryptionServiceProvider->key(Array)
#3 /home/runner/Laravel-9/vendor/laravel/framework/src/Illuminate/Encryption/EncryptionServiceProvider.php(32): Illuminate\\Encryption\\EncryptionServiceProvider->parseKey(Array)
#4 /home/runner/Laravel-9/vendor/laravel/framework/src/Illuminate/Container/Container.php(871): Illuminate\\Encryption\\EncryptionServiceProvider->Illuminate\\Encryption\\{closure}(Object(Illuminate\\Foundation\\Application), Array)
#5 /home/runner/Laravel-9/vendor/laravel/framework/src/Illuminate/Container/Container.php(756): Illuminate\\Container\\Container->build(Object(Closure))
#6 /home/runner/Laravel-9/vendor/laravel/framework/src/Illuminate/Foundation/Application.php(855): Illuminate\\Container\\Container->resolve('encrypter', Array, true)
#7 /home/runner/Laravel-9/vendor/laravel/framework/src/Illuminate/Container/Container.php(692): Illuminate\\Foundation\\Application->resolve('encrypter', Array)
#8 /home/runner/Laravel-9/vendor/laravel/framework/src/Illuminate/Foundation/Application.php(840): Illuminate\\Container\\Container->make('encrypter', Array)
#9 /home/runner/Laravel-9/vendor/laravel/framework/src/Illuminate/Container/Container.php(1025): Illuminate\\Foundation\\Application->make('encrypter')
#10 /home/runner/Laravel-9/vendor/laravel/framework/src/Illuminate/Container/Container.php(945): Illuminate\\Container\\Container->resolveClass(Object(ReflectionParameter))
#11 /home/runner/Laravel-9/vendor/laravel/framework/src/Illuminate/Container/Container.php(906): Illuminate\\Container\\Container->resolveDependencies(Array)
#12 /home/runner/Laravel-9/vendor/laravel/framework/src/Illuminate/Container/Container.php(756): Illuminate\\Container\\Container->build('App\\\\Http\\\\Middle...')
#13 /home/runner/Laravel-9/vendor/laravel/framework/src/Illuminate/Foundation/Application.php(855): Illuminate\\Container\\Container->resolve('App\\\\Http\\\\Middle...', Array, true)
#14 /home/runner/Laravel-9/vendor/laravel/framework/src/Illuminate/Container/Container.php(692): Illuminate\\Foundation\\Application->resolve('App\\\\Http\\\\Middle...', Array)
#15 /home/runner/Laravel-9/vendor/laravel/framework/src/Illuminate/Foundation/Application.php(840): Illuminate\\Container\\Container->make('App\\\\Http\\\\Middle...', Array)
#16 /home/runner/Laravel-9/vendor/laravel/framework/src/Illuminate/Pipeline/Pipeline.php(169): Illuminate\\Foundation\\Application->make('App\\\\Http\\\\Middle...')
#17 /home/runner/Laravel-9/vendor/laravel/framework/src/Illuminate/Pipeline/Pipeline.php(116): Illuminate\\Pipeline\\Pipeline->Illuminate\\Pipeline\\{closure}(Object(Illuminate\\Http\\Request))
#18 /home/runner/Laravel-9/vendor/laravel/framework/src/Illuminate/Routing/Router.php(726): Illuminate\\Pipeline\\Pipeline->then(Object(Closure))
#19 /home/runner/Laravel-9/vendor/laravel/framework/src/Illuminate/Routing/Router.php(703): Illuminate\\Routing\\Router->runRouteWithinStack(Object(Illuminate\\Routing\\Route), Object(Illuminate\\Http\\Request))
#20 /home/runner/Laravel-9/vendor/laravel/framework/src/Illuminate/Routing/Router.php(667): Illuminate\\Routing\\Router->runRoute(Object(Illuminate\\Http\\Request), Object(Illuminate\\Routing\\Route))
#21 /home/runner/Laravel-9/vendor/laravel/framework/src/Illuminate/Routing/Router.php(656): Illuminate\\Routing\\Router->dispatchToRoute(Object(Illuminate\\Http\\Request))
#22 /home/runner/Laravel-9/vendor/laravel/framework/src/Illuminate/Foundation/Http/Kernel.php(167): Illuminate\\Routing\\Router->dispatch(Object(Illuminate\\Http\\Request))
#23 /home/runner/Laravel-9/vendor/laravel/framework/src/Illuminate/Pipeline/Pipeline.php(141): Illuminate\\Foundation\\Http\\Kernel->Illuminate\\Foundation\\Http\\{closure}(Object(Illuminate\\Http\\Request))
#24 /home/runner/Laravel-9/vendor/laravel/framework/src/Illuminate/Foundation/Http/Middleware/TransformsRequest.php(21): Illuminate\\Pipeline\\Pipeline->Illuminate\\Pipeline\\{closure}(Object(Illuminate\\Http\\Request))
#25 /home/runner/Laravel-9/vendor/laravel/framework/src/Illuminate/Foundation/Http/Middleware/ConvertEmptyStringsToNull.php(31): Illuminate\\Foundation\\Http\\Middleware\\TransformsRequest->handle(Object(Illuminate\\Http\\Request), Object(Closure))
#26 /home/runner/Laravel-9/vendor/laravel/framework/src/Illuminate/Pipeline/Pipeline.php(180): Illuminate\\Foundation\\Http\\Middleware\\ConvertEmptyStringsToNull->handle(Object(Illuminate\\Http\\Request), Object(Closure))
#27 /home/runner/Laravel-9/vendor/laravel/framework/src/Illuminate/Foundation/Http/Middleware/TransformsRequest.php(21): Illuminate\\Pipeline\\Pipeline->Illuminate\\Pipeline\\{closure}(Object(Illuminate\\Http\\Request))
#28 /home/runner/Laravel-9/vendor/laravel/framework/src/Illuminate/Foundation/Http/Middleware/TrimStrings.php(40): Illuminate\\Foundation\\Http\\Middleware\\TransformsRequest->handle(Object(Illuminate\\Http\\Request), Object(Closure))
#29 /home/runner/Laravel-9/vendor/laravel/framework/src/Illuminate/Pipeline/Pipeline.php(180): Illuminate\\Foundation\\Http\\Middleware\\TrimStrings->handle(Object(Illuminate\\Http\\Request), Object(Closure))
#30 /home/runner/Laravel-9/vendor/laravel/framework/src/Illuminate/Foundation/Http/Middleware/ValidatePostSize.php(27): Illuminate\\Pipeline\\Pipeline->Illuminate\\Pipeline\\{closure}(Object(Illuminate\\Http\\Request))
#31 /home/runner/Laravel-9/vendor/laravel/framework/src/Illuminate/Pipeline/Pipeline.php(180): Illuminate\\Foundation\\Http\\Middleware\\ValidatePostSize->handle(Object(Illuminate\\Http\\Request), Object(Closure))
#32 /home/runner/Laravel-9/vendor/laravel/framework/src/Illuminate/Foundation/Http/Middleware/PreventRequestsDuringMaintenance.php(86): Illuminate\\Pipeline\\Pipeline->Illuminate\\Pipeline\\{closure}(Object(Illuminate\\Http\\Request))
#33 /home/runner/Laravel-9/vendor/laravel/framework/src/Illuminate/Pipeline/Pipeline.php(180): Illuminate\\Foundation\\Http\\Middleware\\PreventRequestsDuringMaintenance->handle(Object(Illuminate\\Http\\Request), Object(Closure))
#34 /home/runner/Laravel-9/vendor/laravel/framework/src/Illuminate/Http/Middleware/HandleCors.php(49): Illuminate\\Pipeline\\Pipeline->Illuminate\\Pipeline\\{closure}(Object(Illuminate\\Http\\Request))
#35 /home/runner/Laravel-9/vendor/laravel/framework/src/Illuminate/Pipeline/Pipeline.php(180): Illuminate\\Http\\Middleware\\HandleCors->handle(Object(Illuminate\\Http\\Request), Object(Closure))
#36 /home/runner/Laravel-9/vendor/laravel/framework/src/Illuminate/Http/Middleware/TrustProxies.php(39): Illuminate\\Pipeline\\Pipeline->Illuminate\\Pipeline\\{closure}(Object(Illuminate\\Http\\Request))
#37 /home/runner/Laravel-9/vendor/laravel/framework/src/Illuminate/Pipeline/Pipeline.php(180): Illuminate\\Http\\Middleware\\TrustProxies->handle(Object(Illuminate\\Http\\Request), Object(Closure))
#38 /home/runner/Laravel-9/vendor/laravel/framework/src/Illuminate/Pipeline/Pipeline.php(116): Illuminate\\Pipeline\\Pipeline->Illuminate\\Pipeline\\{closure}(Object(Illuminate\\Http\\Request))
#39 /home/runner/Laravel-9/vendor/laravel/framework/src/Illuminate/Foundation/Http/Kernel.php(142): Illuminate\\Pipeline\\Pipeline->then(Object(Closure))
#40 /home/runner/Laravel-9/vendor/laravel/framework/src/Illuminate/Foundation/Http/Kernel.php(111): Illuminate\\Foundation\\Http\\Kernel->sendRequestThroughRouter(Object(Illuminate\\Http\\Request))
#41 /home/runner/Laravel-9/public/index.php(52): Illuminate\\Foundation\\Http\\Kernel->handle(Object(Illuminate\\Http\\Request))
#42 /home/runner/Laravel-9/vendor/laravel/framework/src/Illuminate/Foundation/resources/server.php(16): require_once('/home/runner/La...')
#43 {main}
"} 
[2022-05-16 14:58:56] local.ERROR: No application encryption key has been specified. {"exception":"[object] (Illuminate\\Encryption\\MissingAppKeyException(code: 0): No application encryption key has been specified. at /home/runner/Laravel-9/vendor/laravel/framework/src/Illuminate/Encryption/EncryptionServiceProvider.php:79)
[stacktrace]
#0 /home/runner/Laravel-9/vendor/laravel/framework/src/Illuminate/Support/helpers.php(302): Illuminate\\Encryption\\EncryptionServiceProvider->Illuminate\\Encryption\\{closure}('')
#1 /home/runner/Laravel-9/vendor/laravel/framework/src/Illuminate/Encryption/EncryptionServiceProvider.php(81): tap('', Object(Closure))
#2 /home/runner/Laravel-9/vendor/laravel/framework/src/Illuminate/Encryption/EncryptionServiceProvider.php(60): Illuminate\\Encryption\\EncryptionServiceProvider->key(Array)
#3 /home/runner/Laravel-9/vendor/laravel/framework/src/Illuminate/Encryption/EncryptionServiceProvider.php(32): Illuminate\\Encryption\\EncryptionServiceProvider->parseKey(Array)
#4 /home/runner/Laravel-9/vendor/laravel/framework/src/Illuminate/Container/Container.php(871): Illuminate\\Encryption\\EncryptionServiceProvider->Illuminate\\Encryption\\{closure}(Object(Illuminate\\Foundation\\Application), Array)
#5 /home/runner/Laravel-9/vendor/laravel/framework/src/Illuminate/Container/Container.php(756): Illuminate\\Container\\Container->build(Object(Closure))
#6 /home/runner/Laravel-9/vendor/laravel/framework/src/Illuminate/Foundation/Application.php(855): Illuminate\\Container\\Container->resolve('encrypter', Array, true)
#7 /home/runner/Laravel-9/vendor/laravel/framework/src/Illuminate/Container/Container.php(692): Illuminate\\Foundation\\Application->resolve('encrypter', Array)
#8 /home/runner/Laravel-9/vendor/laravel/framework/src/Illuminate/Foundation/Application.php(840): Illuminate\\Container\\Container->make('encrypter', Array)
#9 /home/runner/Laravel-9/vendor/laravel/framework/src/Illuminate/Container/Container.php(1025): Illuminate\\Foundation\\Application->make('encrypter')
#10 /home/runner/Laravel-9/vendor/laravel/framework/src/Illuminate/Container/Container.php(945): Illuminate\\Container\\Container->resolveClass(Object(ReflectionParameter))
#11 /home/runner/Laravel-9/vendor/laravel/framework/src/Illuminate/Container/Container.php(906): Illuminate\\Container\\Container->resolveDependencies(Array)
#12 /home/runner/Laravel-9/vendor/laravel/framework/src/Illuminate/Container/Container.php(756): Illuminate\\Container\\Container->build('App\\\\Http\\\\Middle...')
#13 /home/runner/Laravel-9/vendor/laravel/framework/src/Illuminate/Foundation/Application.php(855): Illuminate\\Container\\Container->resolve('App\\\\Http\\\\Middle...', Array, true)
#14 /home/runner/Laravel-9/vendor/laravel/framework/src/Illuminate/Container/Container.php(692): Illuminate\\Foundation\\Application->resolve('App\\\\Http\\\\Middle...', Array)
#15 /home/runner/Laravel-9/vendor/laravel/framework/src/Illuminate/Foundation/Application.php(840): Illuminate\\Container\\Container->make('App\\\\Http\\\\Middle...', Array)
#16 /home/runner/Laravel-9/vendor/laravel/framework/src/Illuminate/Foundation/Http/Kernel.php(206): Illuminate\\Foundation\\Application->make('App\\\\Http\\\\Middle...')
#17 /home/runner/Laravel-9/vendor/laravel/framework/src/Illuminate/Foundation/Http/Kernel.php(180): Illuminate\\Foundation\\Http\\Kernel->terminateMiddleware(Object(Illuminate\\Http\\Request), Object(Illuminate\\Http\\Response))
#18 /home/runner/Laravel-9/public/index.php(55): Illuminate\\Foundation\\Http\\Kernel->terminate(Object(Illuminate\\Http\\Request), Object(Illuminate\\Http\\Response))
#19 /home/runner/Laravel-9/vendor/laravel/framework/src/Illuminate/Foundation/resources/server.php(16): require_once('/home/runner/La...')
#20 {main}
"} 
[2022-05-16 14:59:51] local.ERROR: No application encryption key has been specified. {"exception":"[object] (Illuminate\\Encryption\\MissingAppKeyException(code: 0): No application encryption key has been specified. at /home/runner/Laravel-9/vendor/laravel/framework/src/Illuminate/Encryption/EncryptionServiceProvider.php:79)
[stacktrace]
#0 /home/runner/Laravel-9/vendor/laravel/framework/src/Illuminate/Support/helpers.php(302): Illuminate\\Encryption\\EncryptionServiceProvider->Illuminate\\Encryption\\{closure}('')
#1 /home/runner/Laravel-9/vendor/laravel/framework/src/Illuminate/Encryption/EncryptionServiceProvider.php(81): tap('', Object(Closure))
#2 /home/runner/Laravel-9/vendor/laravel/framework/src/Illuminate/Encryption/EncryptionServiceProvider.php(60): Illuminate\\Encryption\\EncryptionServiceProvider->key(Array)
#3 /home/runner/Laravel-9/vendor/laravel/framework/src/Illuminate/Encryption/EncryptionServiceProvider.php(32): Illuminate\\Encryption\\EncryptionServiceProvider->parseKey(Array)
#4 /home/runner/Laravel-9/vendor/laravel/framework/src/Illuminate/Container/Container.php(871): Illuminate\\Encryption\\EncryptionServiceProvider->Illuminate\\Encryption\\{closure}(Object(Illuminate\\Foundation\\Application), Array)
#5 /home/runner/Laravel-9/vendor/laravel/framework/src/Illuminate/Container/Container.php(756): Illuminate\\Container\\Container->build(Object(Closure))
#6 /home/runner/Laravel-9/vendor/laravel/framework/src/Illuminate/Foundation/Application.php(855): Illuminate\\Container\\Container->resolve('encrypter', Array, true)
#7 /home/runner/Laravel-9/vendor/laravel/framework/src/Illuminate/Container/Container.php(692): Illuminate\\Foundation\\Application->resolve('encrypter', Array)
#8 /home/runner/Laravel-9/vendor/laravel/framework/src/Illuminate/Foundation/Application.php(840): Illuminate\\Container\\Container->make('encrypter', Array)
#9 /home/runner/Laravel-9/vendor/laravel/framework/src/Illuminate/Container/Container.php(1025): Illuminate\\Foundation\\Application->make('encrypter')
#10 /home/runner/Laravel-9/vendor/laravel/framework/src/Illuminate/Container/Container.php(945): Illuminate\\Container\\Container->resolveClass(Object(ReflectionParameter))
#11 /home/runner/Laravel-9/vendor/laravel/framework/src/Illuminate/Container/Container.php(906): Illuminate\\Container\\Container->resolveDependencies(Array)
#12 /home/runner/Laravel-9/vendor/laravel/framework/src/Illuminate/Container/Container.php(756): Illuminate\\Container\\Container->build('App\\\\Http\\\\Middle...')
#13 /home/runner/Laravel-9/vendor/laravel/framework/src/Illuminate/Foundation/Application.php(855): Illuminate\\Container\\Container->resolve('App\\\\Http\\\\Middle...', Array, true)
#14 /home/runner/Laravel-9/vendor/laravel/framework/src/Illuminate/Container/Container.php(692): Illuminate\\Foundation\\Application->resolve('App\\\\Http\\\\Middle...', Array)
#15 /home/runner/Laravel-9/vendor/laravel/framework/src/Illuminate/Foundation/Application.php(840): Illuminate\\Container\\Container->make('App\\\\Http\\\\Middle...', Array)
#16 /home/runner/Laravel-9/vendor/laravel/framework/src/Illuminate/Pipeline/Pipeline.php(169): Illuminate\\Foundation\\Application->make('App\\\\Http\\\\Middle...')
#17 /home/runner/Laravel-9/vendor/laravel/framework/src/Illuminate/Pipeline/Pipeline.php(116): Illuminate\\Pipeline\\Pipeline->Illuminate\\Pipeline\\{closure}(Object(Illuminate\\Http\\Request))
#18 /home/runner/Laravel-9/vendor/laravel/framework/src/Illuminate/Routing/Router.php(726): Illuminate\\Pipeline\\Pipeline->then(Object(Closure))
#19 /home/runner/Laravel-9/vendor/laravel/framework/src/Illuminate/Routing/Router.php(703): Illuminate\\Routing\\Router->runRouteWithinStack(Object(Illuminate\\Routing\\Route), Object(Illuminate\\Http\\Request))
#20 /home/runner/Laravel-9/vendor/laravel/framework/src/Illuminate/Routing/Router.php(667): Illuminate\\Routing\\Router->runRoute(Object(Illuminate\\Http\\Request), Object(Illuminate\\Routing\\Route))
#21 /home/runner/Laravel-9/vendor/laravel/framework/src/Illuminate/Routing/Router.php(656): Illuminate\\Routing\\Router->dispatchToRoute(Object(Illuminate\\Http\\Request))
#22 /home/runner/Laravel-9/vendor/laravel/framework/src/Illuminate/Foundation/Http/Kernel.php(167): Illuminate\\Routing\\Router->dispatch(Object(Illuminate\\Http\\Request))
#23 /home/runner/Laravel-9/vendor/laravel/framework/src/Illuminate/Pipeline/Pipeline.php(141): Illuminate\\Foundation\\Http\\Kernel->Illuminate\\Foundation\\Http\\{closure}(Object(Illuminate\\Http\\Request))
#24 /home/runner/Laravel-9/vendor/laravel/framework/src/Illuminate/Foundation/Http/Middleware/TransformsRequest.php(21): Illuminate\\Pipeline\\Pipeline->Illuminate\\Pipeline\\{closure}(Object(Illuminate\\Http\\Request))
#25 /home/runner/Laravel-9/vendor/laravel/framework/src/Illuminate/Foundation/Http/Middleware/ConvertEmptyStringsToNull.php(31): Illuminate\\Foundation\\Http\\Middleware\\TransformsRequest->handle(Object(Illuminate\\Http\\Request), Object(Closure))
#26 /home/runner/Laravel-9/vendor/laravel/framework/src/Illuminate/Pipeline/Pipeline.php(180): Illuminate\\Foundation\\Http\\Middleware\\ConvertEmptyStringsToNull->handle(Object(Illuminate\\Http\\Request), Object(Closure))
#27 /home/runner/Laravel-9/vendor/laravel/framework/src/Illuminate/Foundation/Http/Middleware/TransformsRequest.php(21): Illuminate\\Pipeline\\Pipeline->Illuminate\\Pipeline\\{closure}(Object(Illuminate\\Http\\Request))
#28 /home/runner/Laravel-9/vendor/laravel/framework/src/Illuminate/Foundation/Http/Middleware/TrimStrings.php(40): Illuminate\\Foundation\\Http\\Middleware\\TransformsRequest->handle(Object(Illuminate\\Http\\Request), Object(Closure))
#29 /home/runner/Laravel-9/vendor/laravel/framework/src/Illuminate/Pipeline/Pipeline.php(180): Illuminate\\Foundation\\Http\\Middleware\\TrimStrings->handle(Object(Illuminate\\Http\\Request), Object(Closure))
#30 /home/runner/Laravel-9/vendor/laravel/framework/src/Illuminate/Foundation/Http/Middleware/ValidatePostSize.php(27): Illuminate\\Pipeline\\Pipeline->Illuminate\\Pipeline\\{closure}(Object(Illuminate\\Http\\Request))
#31 /home/runner/Laravel-9/vendor/laravel/framework/src/Illuminate/Pipeline/Pipeline.php(180): Illuminate\\Foundation\\Http\\Middleware\\ValidatePostSize->handle(Object(Illuminate\\Http\\Request), Object(Closure))
#32 /home/runner/Laravel-9/vendor/laravel/framework/src/Illuminate/Foundation/Http/Middleware/PreventRequestsDuringMaintenance.php(86): Illuminate\\Pipeline\\Pipeline->Illuminate\\Pipeline\\{closure}(Object(Illuminate\\Http\\Request))
#33 /home/runner/Laravel-9/vendor/laravel/framework/src/Illuminate/Pipeline/Pipeline.php(180): Illuminate\\Foundation\\Http\\Middleware\\PreventRequestsDuringMaintenance->handle(Object(Illuminate\\Http\\Request), Object(Closure))
#34 /home/runner/Laravel-9/vendor/laravel/framework/src/Illuminate/Http/Middleware/HandleCors.php(49): Illuminate\\Pipeline\\Pipeline->Illuminate\\Pipeline\\{closure}(Object(Illuminate\\Http\\Request))
#35 /home/runner/Laravel-9/vendor/laravel/framework/src/Illuminate/Pipeline/Pipeline.php(180): Illuminate\\Http\\Middleware\\HandleCors->handle(Object(Illuminate\\Http\\Request), Object(Closure))
#36 /home/runner/Laravel-9/vendor/laravel/framework/src/Illuminate/Http/Middleware/TrustProxies.php(39): Illuminate\\Pipeline\\Pipeline->Illuminate\\Pipeline\\{closure}(Object(Illuminate\\Http\\Request))
#37 /home/runner/Laravel-9/vendor/laravel/framework/src/Illuminate/Pipeline/Pipeline.php(180): Illuminate\\Http\\Middleware\\TrustProxies->handle(Object(Illuminate\\Http\\Request), Object(Closure))
#38 /home/runner/Laravel-9/vendor/laravel/framework/src/Illuminate/Pipeline/Pipeline.php(116): Illuminate\\Pipeline\\Pipeline->Illuminate\\Pipeline\\{closure}(Object(Illuminate\\Http\\Request))
#39 /home/runner/Laravel-9/vendor/laravel/framework/src/Illuminate/Foundation/Http/Kernel.php(142): Illuminate\\Pipeline\\Pipeline->then(Object(Closure))
#40 /home/runner/Laravel-9/vendor/laravel/framework/src/Illuminate/Foundation/Http/Kernel.php(111): Illuminate\\Foundation\\Http\\Kernel->sendRequestThroughRouter(Object(Illuminate\\Http\\Request))
#41 /home/runner/Laravel-9/public/index.php(52): Illuminate\\Foundation\\Http\\Kernel->handle(Object(Illuminate\\Http\\Request))
#42 /home/runner/Laravel-9/vendor/laravel/framework/src/Illuminate/Foundation/resources/server.php(16): require_once('/home/runner/La...')
#43 {main}
"} 
[2022-05-16 14:59:51] local.ERROR: No application encryption key has been specified. {"exception":"[object] (Illuminate\\Encryption\\MissingAppKeyException(code: 0): No application encryption key has been specified. at /home/runner/Laravel-9/vendor/laravel/framework/src/Illuminate/Encryption/EncryptionServiceProvider.php:79)
[stacktrace]
#0 /home/runner/Laravel-9/vendor/laravel/framework/src/Illuminate/Support/helpers.php(302): Illuminate\\Encryption\\EncryptionServiceProvider->Illuminate\\Encryption\\{closure}('')
#1 /home/runner/Laravel-9/vendor/laravel/framework/src/Illuminate/Encryption/EncryptionServiceProvider.php(81): tap('', Object(Closure))
#2 /home/runner/Laravel-9/vendor/laravel/framework/src/Illuminate/Encryption/EncryptionServiceProvider.php(60): Illuminate\\Encryption\\EncryptionServiceProvider->key(Array)
#3 /home/runner/Laravel-9/vendor/laravel/framework/src/Illuminate/Encryption/EncryptionServiceProvider.php(32): Illuminate\\Encryption\\EncryptionServiceProvider->parseKey(Array)
#4 /home/runner/Laravel-9/vendor/laravel/framework/src/Illuminate/Container/Container.php(871): Illuminate\\Encryption\\EncryptionServiceProvider->Illuminate\\Encryption\\{closure}(Object(Illuminate\\Foundation\\Application), Array)
#5 /home/runner/Laravel-9/vendor/laravel/framework/src/Illuminate/Container/Container.php(756): Illuminate\\Container\\Container->build(Object(Closure))
#6 /home/runner/Laravel-9/vendor/laravel/framework/src/Illuminate/Foundation/Application.php(855): Illuminate\\Container\\Container->resolve('encrypter', Array, true)
#7 /home/runner/Laravel-9/vendor/laravel/framework/src/Illuminate/Container/Container.php(692): Illuminate\\Foundation\\Application->resolve('encrypter', Array)
#8 /home/runner/Laravel-9/vendor/laravel/framework/src/Illuminate/Foundation/Application.php(840): Illuminate\\Container\\Container->make('encrypter', Array)
#9 /home/runner/Laravel-9/vendor/laravel/framework/src/Illuminate/Container/Container.php(1025): Illuminate\\Foundation\\Application->make('encrypter')
#10 /home/runner/Laravel-9/vendor/laravel/framework/src/Illuminate/Container/Container.php(945): Illuminate\\Container\\Container->resolveClass(Object(ReflectionParameter))
#11 /home/runner/Laravel-9/vendor/laravel/framework/src/Illuminate/Container/Container.php(906): Illuminate\\Container\\Container->resolveDependencies(Array)
#12 /home/runner/Laravel-9/vendor/laravel/framework/src/Illuminate/Container/Container.php(756): Illuminate\\Container\\Container->build('App\\\\Http\\\\Middle...')
#13 /home/runner/Laravel-9/vendor/laravel/framework/src/Illuminate/Foundation/Application.php(855): Illuminate\\Container\\Container->resolve('App\\\\Http\\\\Middle...', Array, true)
#14 /home/runner/Laravel-9/vendor/laravel/framework/src/Illuminate/Container/Container.php(692): Illuminate\\Foundation\\Application->resolve('App\\\\Http\\\\Middle...', Array)
#15 /home/runner/Laravel-9/vendor/laravel/framework/src/Illuminate/Foundation/Application.php(840): Illuminate\\Container\\Container->make('App\\\\Http\\\\Middle...', Array)
#16 /home/runner/Laravel-9/vendor/laravel/framework/src/Illuminate/Foundation/Http/Kernel.php(206): Illuminate\\Foundation\\Application->make('App\\\\Http\\\\Middle...')
#17 /home/runner/Laravel-9/vendor/laravel/framework/src/Illuminate/Foundation/Http/Kernel.php(180): Illuminate\\Foundation\\Http\\Kernel->terminateMiddleware(Object(Illuminate\\Http\\Request), Object(Illuminate\\Http\\Response))
#18 /home/runner/Laravel-9/public/index.php(55): Illuminate\\Foundation\\Http\\Kernel->terminate(Object(Illuminate\\Http\\Request), Object(Illuminate\\Http\\Response))
#19 /home/runner/Laravel-9/vendor/laravel/framework/src/Illuminate/Foundation/resources/server.php(16): require_once('/home/runner/La...')
#20 {main}
"} 
[2022-05-16 15:00:12] local.ERROR: No application encryption key has been specified. {"exception":"[object] (Illuminate\\Encryption\\MissingAppKeyException(code: 0): No application encryption key has been specified. at /home/runner/Laravel-9/vendor/laravel/framework/src/Illuminate/Encryption/EncryptionServiceProvider.php:79)
[stacktrace]
#0 /home/runner/Laravel-9/vendor/laravel/framework/src/Illuminate/Support/helpers.php(302): Illuminate\\Encryption\\EncryptionServiceProvider->Illuminate\\Encryption\\{closure}('')
#1 /home/runner/Laravel-9/vendor/laravel/framework/src/Illuminate/Encryption/EncryptionServiceProvider.php(81): tap('', Object(Closure))
#2 /home/runner/Laravel-9/vendor/laravel/framework/src/Illuminate/Encryption/EncryptionServiceProvider.php(60): Illuminate\\Encryption\\EncryptionServiceProvider->key(Array)
#3 /home/runner/Laravel-9/vendor/laravel/framework/src/Illuminate/Encryption/EncryptionServiceProvider.php(32): Illuminate\\Encryption\\EncryptionServiceProvider->parseKey(Array)
#4 /home/runner/Laravel-9/vendor/laravel/framework/src/Illuminate/Container/Container.php(871): Illuminate\\Encryption\\EncryptionServiceProvider->Illuminate\\Encryption\\{closure}(Object(Illuminate\\Foundation\\Application), Array)
#5 /home/runner/Laravel-9/vendor/laravel/framework/src/Illuminate/Container/Container.php(756): Illuminate\\Container\\Container->build(Object(Closure))
#6 /home/runner/Laravel-9/vendor/laravel/framework/src/Illuminate/Foundation/Application.php(855): Illuminate\\Container\\Container->resolve('encrypter', Array, true)
#7 /home/runner/Laravel-9/vendor/laravel/framework/src/Illuminate/Container/Container.php(692): Illuminate\\Foundation\\Application->resolve('encrypter', Array)
#8 /home/runner/Laravel-9/vendor/laravel/framework/src/Illuminate/Foundation/Application.php(840): Illuminate\\Container\\Container->make('encrypter', Array)
#9 /home/runner/Laravel-9/vendor/laravel/framework/src/Illuminate/Container/Container.php(1025): Illuminate\\Foundation\\Application->make('encrypter')
#10 /home/runner/Laravel-9/vendor/laravel/framework/src/Illuminate/Container/Container.php(945): Illuminate\\Container\\Container->resolveClass(Object(ReflectionParameter))
#11 /home/runner/Laravel-9/vendor/laravel/framework/src/Illuminate/Container/Container.php(906): Illuminate\\Container\\Container->resolveDependencies(Array)
#12 /home/runner/Laravel-9/vendor/laravel/framework/src/Illuminate/Container/Container.php(756): Illuminate\\Container\\Container->build('App\\\\Http\\\\Middle...')
#13 /home/runner/Laravel-9/vendor/laravel/framework/src/Illuminate/Foundation/Application.php(855): Illuminate\\Container\\Container->resolve('App\\\\Http\\\\Middle...', Array, true)
#14 /home/runner/Laravel-9/vendor/laravel/framework/src/Illuminate/Container/Container.php(692): Illuminate\\Foundation\\Application->resolve('App\\\\Http\\\\Middle...', Array)
#15 /home/runner/Laravel-9/vendor/laravel/framework/src/Illuminate/Foundation/Application.php(840): Illuminate\\Container\\Container->make('App\\\\Http\\\\Middle...', Array)
#16 /home/runner/Laravel-9/vendor/laravel/framework/src/Illuminate/Pipeline/Pipeline.php(169): Illuminate\\Foundation\\Application->make('App\\\\Http\\\\Middle...')
#17 /home/runner/Laravel-9/vendor/laravel/framework/src/Illuminate/Pipeline/Pipeline.php(116): Illuminate\\Pipeline\\Pipeline->Illuminate\\Pipeline\\{closure}(Object(Illuminate\\Http\\Request))
#18 /home/runner/Laravel-9/vendor/laravel/framework/src/Illuminate/Routing/Router.php(726): Illuminate\\Pipeline\\Pipeline->then(Object(Closure))
#19 /home/runner/Laravel-9/vendor/laravel/framework/src/Illuminate/Routing/Router.php(703): Illuminate\\Routing\\Router->runRouteWithinStack(Object(Illuminate\\Routing\\Route), Object(Illuminate\\Http\\Request))
#20 /home/runner/Laravel-9/vendor/laravel/framework/src/Illuminate/Routing/Router.php(667): Illuminate\\Routing\\Router->runRoute(Object(Illuminate\\Http\\Request), Object(Illuminate\\Routing\\Route))
#21 /home/runner/Laravel-9/vendor/laravel/framework/src/Illuminate/Routing/Router.php(656): Illuminate\\Routing\\Router->dispatchToRoute(Object(Illuminate\\Http\\Request))
#22 /home/runner/Laravel-9/vendor/laravel/framework/src/Illuminate/Foundation/Http/Kernel.php(167): Illuminate\\Routing\\Router->dispatch(Object(Illuminate\\Http\\Request))
#23 /home/runner/Laravel-9/vendor/laravel/framework/src/Illuminate/Pipeline/Pipeline.php(141): Illuminate\\Foundation\\Http\\Kernel->Illuminate\\Foundation\\Http\\{closure}(Object(Illuminate\\Http\\Request))
#24 /home/runner/Laravel-9/vendor/laravel/framework/src/Illuminate/Foundation/Http/Middleware/TransformsRequest.php(21): Illuminate\\Pipeline\\Pipeline->Illuminate\\Pipeline\\{closure}(Object(Illuminate\\Http\\Request))
#25 /home/runner/Laravel-9/vendor/laravel/framework/src/Illuminate/Foundation/Http/Middleware/ConvertEmptyStringsToNull.php(31): Illuminate\\Foundation\\Http\\Middleware\\TransformsRequest->handle(Object(Illuminate\\Http\\Request), Object(Closure))
#26 /home/runner/Laravel-9/vendor/laravel/framework/src/Illuminate/Pipeline/Pipeline.php(180): Illuminate\\Foundation\\Http\\Middleware\\ConvertEmptyStringsToNull->handle(Object(Illuminate\\Http\\Request), Object(Closure))
#27 /home/runner/Laravel-9/vendor/laravel/framework/src/Illuminate/Foundation/Http/Middleware/TransformsRequest.php(21): Illuminate\\Pipeline\\Pipeline->Illuminate\\Pipeline\\{closure}(Object(Illuminate\\Http\\Request))
#28 /home/runner/Laravel-9/vendor/laravel/framework/src/Illuminate/Foundation/Http/Middleware/TrimStrings.php(40): Illuminate\\Foundation\\Http\\Middleware\\TransformsRequest->handle(Object(Illuminate\\Http\\Request), Object(Closure))
#29 /home/runner/Laravel-9/vendor/laravel/framework/src/Illuminate/Pipeline/Pipeline.php(180): Illuminate\\Foundation\\Http\\Middleware\\TrimStrings->handle(Object(Illuminate\\Http\\Request), Object(Closure))
#30 /home/runner/Laravel-9/vendor/laravel/framework/src/Illuminate/Foundation/Http/Middleware/ValidatePostSize.php(27): Illuminate\\Pipeline\\Pipeline->Illuminate\\Pipeline\\{closure}(Object(Illuminate\\Http\\Request))
#31 /home/runner/Laravel-9/vendor/laravel/framework/src/Illuminate/Pipeline/Pipeline.php(180): Illuminate\\Foundation\\Http\\Middleware\\ValidatePostSize->handle(Object(Illuminate\\Http\\Request), Object(Closure))
#32 /home/runner/Laravel-9/vendor/laravel/framework/src/Illuminate/Foundation/Http/Middleware/PreventRequestsDuringMaintenance.php(86): Illuminate\\Pipeline\\Pipeline->Illuminate\\Pipeline\\{closure}(Object(Illuminate\\Http\\Request))
#33 /home/runner/Laravel-9/vendor/laravel/framework/src/Illuminate/Pipeline/Pipeline.php(180): Illuminate\\Foundation\\Http\\Middleware\\PreventRequestsDuringMaintenance->handle(Object(Illuminate\\Http\\Request), Object(Closure))
#34 /home/runner/Laravel-9/vendor/laravel/framework/src/Illuminate/Http/Middleware/HandleCors.php(49): Illuminate\\Pipeline\\Pipeline->Illuminate\\Pipeline\\{closure}(Object(Illuminate\\Http\\Request))
#35 /home/runner/Laravel-9/vendor/laravel/framework/src/Illuminate/Pipeline/Pipeline.php(180): Illuminate\\Http\\Middleware\\HandleCors->handle(Object(Illuminate\\Http\\Request), Object(Closure))
#36 /home/runner/Laravel-9/vendor/laravel/framework/src/Illuminate/Http/Middleware/TrustProxies.php(39): Illuminate\\Pipeline\\Pipeline->Illuminate\\Pipeline\\{closure}(Object(Illuminate\\Http\\Request))
#37 /home/runner/Laravel-9/vendor/laravel/framework/src/Illuminate/Pipeline/Pipeline.php(180): Illuminate\\Http\\Middleware\\TrustProxies->handle(Object(Illuminate\\Http\\Request), Object(Closure))
#38 /home/runner/Laravel-9/vendor/laravel/framework/src/Illuminate/Pipeline/Pipeline.php(116): Illuminate\\Pipeline\\Pipeline->Illuminate\\Pipeline\\{closure}(Object(Illuminate\\Http\\Request))
#39 /home/runner/Laravel-9/vendor/laravel/framework/src/Illuminate/Foundation/Http/Kernel.php(142): Illuminate\\Pipeline\\Pipeline->then(Object(Closure))
#40 /home/runner/Laravel-9/vendor/laravel/framework/src/Illuminate/Foundation/Http/Kernel.php(111): Illuminate\\Foundation\\Http\\Kernel->sendRequestThroughRouter(Object(Illuminate\\Http\\Request))
#41 /home/runner/Laravel-9/public/index.php(52): Illuminate\\Foundation\\Http\\Kernel->handle(Object(Illuminate\\Http\\Request))
#42 /home/runner/Laravel-9/vendor/laravel/framework/src/Illuminate/Foundation/resources/server.php(16): require_once('/home/runner/La...')
#43 {main}
"} 
[2022-05-16 15:00:12] local.ERROR: No application encryption key has been specified. {"exception":"[object] (Illuminate\\Encryption\\MissingAppKeyException(code: 0): No application encryption key has been specified. at /home/runner/Laravel-9/vendor/laravel/framework/src/Illuminate/Encryption/EncryptionServiceProvider.php:79)
[stacktrace]
#0 /home/runner/Laravel-9/vendor/laravel/framework/src/Illuminate/Support/helpers.php(302): Illuminate\\Encryption\\EncryptionServiceProvider->Illuminate\\Encryption\\{closure}('')
#1 /home/runner/Laravel-9/vendor/laravel/framework/src/Illuminate/Encryption/EncryptionServiceProvider.php(81): tap('', Object(Closure))
#2 /home/runner/Laravel-9/vendor/laravel/framework/src/Illuminate/Encryption/EncryptionServiceProvider.php(60): Illuminate\\Encryption\\EncryptionServiceProvider->key(Array)
#3 /home/runner/Laravel-9/vendor/laravel/framework/src/Illuminate/Encryption/EncryptionServiceProvider.php(32): Illuminate\\Encryption\\EncryptionServiceProvider->parseKey(Array)
#4 /home/runner/Laravel-9/vendor/laravel/framework/src/Illuminate/Container/Container.php(871): Illuminate\\Encryption\\EncryptionServiceProvider->Illuminate\\Encryption\\{closure}(Object(Illuminate\\Foundation\\Application), Array)
#5 /home/runner/Laravel-9/vendor/laravel/framework/src/Illuminate/Container/Container.php(756): Illuminate\\Container\\Container->build(Object(Closure))
#6 /home/runner/Laravel-9/vendor/laravel/framework/src/Illuminate/Foundation/Application.php(855): Illuminate\\Container\\Container->resolve('encrypter', Array, true)
#7 /home/runner/Laravel-9/vendor/laravel/framework/src/Illuminate/Container/Container.php(692): Illuminate\\Foundation\\Application->resolve('encrypter', Array)
#8 /home/runner/Laravel-9/vendor/laravel/framework/src/Illuminate/Foundation/Application.php(840): Illuminate\\Container\\Container->make('encrypter', Array)
#9 /home/runner/Laravel-9/vendor/laravel/framework/src/Illuminate/Container/Container.php(1025): Illuminate\\Foundation\\Application->make('encrypter')
#10 /home/runner/Laravel-9/vendor/laravel/framework/src/Illuminate/Container/Container.php(945): Illuminate\\Container\\Container->resolveClass(Object(ReflectionParameter))
#11 /home/runner/Laravel-9/vendor/laravel/framework/src/Illuminate/Container/Container.php(906): Illuminate\\Container\\Container->resolveDependencies(Array)
#12 /home/runner/Laravel-9/vendor/laravel/framework/src/Illuminate/Container/Container.php(756): Illuminate\\Container\\Container->build('App\\\\Http\\\\Middle...')
#13 /home/runner/Laravel-9/vendor/laravel/framework/src/Illuminate/Foundation/Application.php(855): Illuminate\\Container\\Container->resolve('App\\\\Http\\\\Middle...', Array, true)
#14 /home/runner/Laravel-9/vendor/laravel/framework/src/Illuminate/Container/Container.php(692): Illuminate\\Foundation\\Application->resolve('App\\\\Http\\\\Middle...', Array)
#15 /home/runner/Laravel-9/vendor/laravel/framework/src/Illuminate/Foundation/Application.php(840): Illuminate\\Container\\Container->make('App\\\\Http\\\\Middle...', Array)
#16 /home/runner/Laravel-9/vendor/laravel/framework/src/Illuminate/Foundation/Http/Kernel.php(206): Illuminate\\Foundation\\Application->make('App\\\\Http\\\\Middle...')
#17 /home/runner/Laravel-9/vendor/laravel/framework/src/Illuminate/Foundation/Http/Kernel.php(180): Illuminate\\Foundation\\Http\\Kernel->terminateMiddleware(Object(Illuminate\\Http\\Request), Object(Illuminate\\Http\\Response))
#18 /home/runner/Laravel-9/public/index.php(55): Illuminate\\Foundation\\Http\\Kernel->terminate(Object(Illuminate\\Http\\Request), Object(Illuminate\\Http\\Response))
#19 /home/runner/Laravel-9/vendor/laravel/framework/src/Illuminate/Foundation/resources/server.php(16): require_once('/home/runner/La...')
#20 {main}
"} 
[2022-05-16 15:06:50] local.ERROR: Unsupported driver [https]. {"exception":"[object] (InvalidArgumentException(code: 0): Unsupported driver [https]. at /home/runner/Laravel-9/vendor/laravel/framework/src/Illuminate/Database/Connectors/ConnectionFactory.php:274)
[stacktrace]
#0 /home/runner/Laravel-9/vendor/laravel/framework/src/Illuminate/Database/Connectors/ConnectionFactory.php(76): Illuminate\\Database\\Connectors\\ConnectionFactory->createConnection('https', Object(Closure), 'v0/eyJhbGciOiJI...', '', Array)
#1 /home/runner/Laravel-9/vendor/laravel/framework/src/Illuminate/Database/Connectors/ConnectionFactory.php(50): Illuminate\\Database\\Connectors\\ConnectionFactory->createSingleConnection(Array)
#2 /home/runner/Laravel-9/vendor/laravel/framework/src/Illuminate/Database/DatabaseManager.php(145): Illuminate\\Database\\Connectors\\ConnectionFactory->make(Array, 'pgsql')
#3 /home/runner/Laravel-9/vendor/laravel/framework/src/Illuminate/Database/DatabaseManager.php(100): Illuminate\\Database\\DatabaseManager->makeConnection('pgsql')
#4 /home/runner/Laravel-9/vendor/laravel/framework/src/Illuminate/Database/Migrations/DatabaseMigrationRepository.php(211): Illuminate\\Database\\DatabaseManager->connection('pgsql')
#5 /home/runner/Laravel-9/vendor/laravel/framework/src/Illuminate/Database/Migrations/DatabaseMigrationRepository.php(167): Illuminate\\Database\\Migrations\\DatabaseMigrationRepository->getConnection()
#6 /home/runner/Laravel-9/vendor/laravel/framework/src/Illuminate/Database/Migrations/Migrator.php(673): Illuminate\\Database\\Migrations\\DatabaseMigrationRepository->repositoryExists()
#7 /home/runner/Laravel-9/vendor/laravel/framework/src/Illuminate/Database/Console/Migrations/MigrateCommand.php(110): Illuminate\\Database\\Migrations\\Migrator->repositoryExists()
#8 /home/runner/Laravel-9/vendor/laravel/framework/src/Illuminate/Database/Console/Migrations/MigrateCommand.php(78): Illuminate\\Database\\Console\\Migrations\\MigrateCommand->prepareDatabase()
#9 /home/runner/Laravel-9/vendor/laravel/framework/src/Illuminate/Database/Migrations/Migrator.php(606): Illuminate\\Database\\Console\\Migrations\\MigrateCommand->Illuminate\\Database\\Console\\Migrations\\{closure}()
#10 /home/runner/Laravel-9/vendor/laravel/framework/src/Illuminate/Database/Console/Migrations/MigrateCommand.php(98): Illuminate\\Database\\Migrations\\Migrator->usingConnection(NULL, Object(Closure))
#11 /home/runner/Laravel-9/vendor/laravel/framework/src/Illuminate/Container/BoundMethod.php(36): Illuminate\\Database\\Console\\Migrations\\MigrateCommand->handle()
#12 /home/runner/Laravel-9/vendor/laravel/framework/src/Illuminate/Container/Util.php(41): Illuminate\\Container\\BoundMethod::Illuminate\\Container\\{closure}()
#13 /home/runner/Laravel-9/vendor/laravel/framework/src/Illuminate/Container/BoundMethod.php(93): Illuminate\\Container\\Util::unwrapIfClosure(Object(Closure))
#14 /home/runner/Laravel-9/vendor/laravel/framework/src/Illuminate/Container/BoundMethod.php(37): Illuminate\\Container\\BoundMethod::callBoundMethod(Object(Illuminate\\Foundation\\Application), Array, Object(Closure))
#15 /home/runner/Laravel-9/vendor/laravel/framework/src/Illuminate/Container/Container.php(651): Illuminate\\Container\\BoundMethod::call(Object(Illuminate\\Foundation\\Application), Array, Array, NULL)
#16 /home/runner/Laravel-9/vendor/laravel/framework/src/Illuminate/Console/Command.php(136): Illuminate\\Container\\Container->call(Array)
#17 /home/runner/Laravel-9/vendor/symfony/console/Command/Command.php(291): Illuminate\\Console\\Command->execute(Object(Symfony\\Component\\Console\\Input\\ArgvInput), Object(Illuminate\\Console\\OutputStyle))
#18 /home/runner/Laravel-9/vendor/laravel/framework/src/Illuminate/Console/Command.php(121): Symfony\\Component\\Console\\Command\\Command->run(Object(Symfony\\Component\\Console\\Input\\ArgvInput), Object(Illuminate\\Console\\OutputStyle))
#19 /home/runner/Laravel-9/vendor/symfony/console/Application.php(989): Illuminate\\Console\\Command->run(Object(Symfony\\Component\\Console\\Input\\ArgvInput), Object(Symfony\\Component\\Console\\Output\\ConsoleOutput))
#20 /home/runner/Laravel-9/vendor/symfony/console/Application.php(299): Symfony\\Component\\Console\\Application->doRunCommand(Object(Illuminate\\Database\\Console\\Migrations\\MigrateCommand), Object(Symfony\\Component\\Console\\Input\\ArgvInput), Object(Symfony\\Component\\Console\\Output\\ConsoleOutput))
#21 /home/runner/Laravel-9/vendor/symfony/console/Application.php(171): Symfony\\Component\\Console\\Application->doRun(Object(Symfony\\Component\\Console\\Input\\ArgvInput), Object(Symfony\\Component\\Console\\Output\\ConsoleOutput))
#22 /home/runner/Laravel-9/vendor/laravel/framework/src/Illuminate/Console/Application.php(102): Symfony\\Component\\Console\\Application->run(Object(Symfony\\Component\\Console\\Input\\ArgvInput), Object(Symfony\\Component\\Console\\Output\\ConsoleOutput))
#23 /home/runner/Laravel-9/vendor/laravel/framework/src/Illuminate/Foundation/Console/Kernel.php(129): Illuminate\\Console\\Application->run(Object(Symfony\\Component\\Console\\Input\\ArgvInput), Object(Symfony\\Component\\Console\\Output\\ConsoleOutput))
#24 /home/runner/Laravel-9/artisan(37): Illuminate\\Foundation\\Console\\Kernel->handle(Object(Symfony\\Component\\Console\\Input\\ArgvInput), Object(Symfony\\Component\\Console\\Output\\ConsoleOutput))
#25 {main}
"} 
[2023-04-28 12:18:48] local.ERROR: View [portofolio2] not found. {"exception":"[object] (InvalidArgumentException(code: 0): View [portofolio2] not found. at /home/runner/LAB-SI-4B-MuhammadAchalen/vendor/laravel/framework/src/Illuminate/View/FileViewFinder.php:137)
[stacktrace]
#0 /home/runner/LAB-SI-4B-MuhammadAchalen/vendor/laravel/framework/src/Illuminate/View/FileViewFinder.php(79): Illuminate\\View\\FileViewFinder->findInPaths('portofolio2', Array)
#1 /home/runner/LAB-SI-4B-MuhammadAchalen/vendor/laravel/framework/src/Illuminate/View/Factory.php(138): Illuminate\\View\\FileViewFinder->find('portofolio2')
#2 /home/runner/LAB-SI-4B-MuhammadAchalen/vendor/laravel/framework/src/Illuminate/Foundation/helpers.php(1031): Illuminate\\View\\Factory->make('portofolio2', Array, Array)
#3 /home/runner/LAB-SI-4B-MuhammadAchalen/routes/web.php(23): view('portofolio2')
#4 /home/runner/LAB-SI-4B-MuhammadAchalen/vendor/laravel/framework/src/Illuminate/Routing/CallableDispatcher.php(40): Illuminate\\Routing\\RouteFileRegistrar->{closure}()
#5 /home/runner/LAB-SI-4B-MuhammadAchalen/vendor/laravel/framework/src/Illuminate/Routing/Route.php(237): Illuminate\\Routing\\CallableDispatcher->dispatch(Object(Illuminate\\Routing\\Route), Object(Closure))
#6 /home/runner/LAB-SI-4B-MuhammadAchalen/vendor/laravel/framework/src/Illuminate/Routing/Route.php(208): Illuminate\\Routing\\Route->runCallable()
#7 /home/runner/LAB-SI-4B-MuhammadAchalen/vendor/laravel/framework/src/Illuminate/Routing/Router.php(798): Illuminate\\Routing\\Route->run()
#8 /home/runner/LAB-SI-4B-MuhammadAchalen/vendor/laravel/framework/src/Illuminate/Pipeline/Pipeline.php(141): Illuminate\\Routing\\Router->Illuminate\\Routing\\{closure}(Object(Illuminate\\Http\\Request))
#9 /home/runner/LAB-SI-4B-MuhammadAchalen/vendor/laravel/framework/src/Illuminate/Routing/Middleware/SubstituteBindings.php(50): Illuminate\\Pipeline\\Pipeline->Illuminate\\Pipeline\\{closure}(Object(Illuminate\\Http\\Request))
#10 /home/runner/LAB-SI-4B-MuhammadAchalen/vendor/laravel/framework/src/Illuminate/Pipeline/Pipeline.php(180): Illuminate\\Routing\\Middleware\\SubstituteBindings->handle(Object(Illuminate\\Http\\Request), Object(Closure))
#11 /home/runner/LAB-SI-4B-MuhammadAchalen/vendor/laravel/framework/src/Illuminate/Foundation/Http/Middleware/VerifyCsrfToken.php(78): Illuminate\\Pipeline\\Pipeline->Illuminate\\Pipeline\\{closure}(Object(Illuminate\\Http\\Request))
#12 /home/runner/LAB-SI-4B-MuhammadAchalen/vendor/laravel/framework/src/Illuminate/Pipeline/Pipeline.php(180): Illuminate\\Foundation\\Http\\Middleware\\VerifyCsrfToken->handle(Object(Illuminate\\Http\\Request), Object(Closure))
#13 /home/runner/LAB-SI-4B-MuhammadAchalen/vendor/laravel/framework/src/Illuminate/View/Middleware/ShareErrorsFromSession.php(49): Illuminate\\Pipeline\\Pipeline->Illuminate\\Pipeline\\{closure}(Object(Illuminate\\Http\\Request))
#14 /home/runner/LAB-SI-4B-MuhammadAchalen/vendor/laravel/framework/src/Illuminate/Pipeline/Pipeline.php(180): Illuminate\\View\\Middleware\\ShareErrorsFromSession->handle(Object(Illuminate\\Http\\Request), Object(Closure))
#15 /home/runner/LAB-SI-4B-MuhammadAchalen/vendor/laravel/framework/src/Illuminate/Session/Middleware/StartSession.php(121): Illuminate\\Pipeline\\Pipeline->Illuminate\\Pipeline\\{closure}(Object(Illuminate\\Http\\Request))
#16 /home/runner/LAB-SI-4B-MuhammadAchalen/vendor/laravel/framework/src/Illuminate/Session/Middleware/StartSession.php(64): Illuminate\\Session\\Middleware\\StartSession->handleStatefulRequest(Object(Illuminate\\Http\\Request), Object(Illuminate\\Session\\Store), Object(Closure))
#17 /home/runner/LAB-SI-4B-MuhammadAchalen/vendor/laravel/framework/src/Illuminate/Pipeline/Pipeline.php(180): Illuminate\\Session\\Middleware\\StartSession->handle(Object(Illuminate\\Http\\Request), Object(Closure))
#18 /home/runner/LAB-SI-4B-MuhammadAchalen/vendor/laravel/framework/src/Illuminate/Cookie/Middleware/AddQueuedCookiesToResponse.php(37): Illuminate\\Pipeline\\Pipeline->Illuminate\\Pipeline\\{closure}(Object(Illuminate\\Http\\Request))
#19 /home/runner/LAB-SI-4B-MuhammadAchalen/vendor/laravel/framework/src/Illuminate/Pipeline/Pipeline.php(180): Illuminate\\Cookie\\Middleware\\AddQueuedCookiesToResponse->handle(Object(Illuminate\\Http\\Request), Object(Closure))
#20 /home/runner/LAB-SI-4B-MuhammadAchalen/vendor/laravel/framework/src/Illuminate/Cookie/Middleware/EncryptCookies.php(67): Illuminate\\Pipeline\\Pipeline->Illuminate\\Pipeline\\{closure}(Object(Illuminate\\Http\\Request))
#21 /home/runner/LAB-SI-4B-MuhammadAchalen/vendor/laravel/framework/src/Illuminate/Pipeline/Pipeline.php(180): Illuminate\\Cookie\\Middleware\\EncryptCookies->handle(Object(Illuminate\\Http\\Request), Object(Closure))
#22 /home/runner/LAB-SI-4B-MuhammadAchalen/vendor/laravel/framework/src/Illuminate/Pipeline/Pipeline.php(116): Illuminate\\Pipeline\\Pipeline->Illuminate\\Pipeline\\{closure}(Object(Illuminate\\Http\\Request))
#23 /home/runner/LAB-SI-4B-MuhammadAchalen/vendor/laravel/framework/src/Illuminate/Routing/Router.php(799): Illuminate\\Pipeline\\Pipeline->then(Object(Closure))
#24 /home/runner/LAB-SI-4B-MuhammadAchalen/vendor/laravel/framework/src/Illuminate/Routing/Router.php(776): Illuminate\\Routing\\Router->runRouteWithinStack(Object(Illuminate\\Routing\\Route), Object(Illuminate\\Http\\Request))
#25 /home/runner/LAB-SI-4B-MuhammadAchalen/vendor/laravel/framework/src/Illuminate/Routing/Router.php(740): Illuminate\\Routing\\Router->runRoute(Object(Illuminate\\Http\\Request), Object(Illuminate\\Routing\\Route))
#26 /home/runner/LAB-SI-4B-MuhammadAchalen/vendor/laravel/framework/src/Illuminate/Routing/Router.php(729): Illuminate\\Routing\\Router->dispatchToRoute(Object(Illuminate\\Http\\Request))
#27 /home/runner/LAB-SI-4B-MuhammadAchalen/vendor/laravel/framework/src/Illuminate/Foundation/Http/Kernel.php(190): Illuminate\\Routing\\Router->dispatch(Object(Illuminate\\Http\\Request))
#28 /home/runner/LAB-SI-4B-MuhammadAchalen/vendor/laravel/framework/src/Illuminate/Pipeline/Pipeline.php(141): Illuminate\\Foundation\\Http\\Kernel->Illuminate\\Foundation\\Http\\{closure}(Object(Illuminate\\Http\\Request))
#29 /home/runner/LAB-SI-4B-MuhammadAchalen/vendor/laravel/framework/src/Illuminate/Foundation/Http/Middleware/TransformsRequest.php(21): Illuminate\\Pipeline\\Pipeline->Illuminate\\Pipeline\\{closure}(Object(Illuminate\\Http\\Request))
#30 /home/runner/LAB-SI-4B-MuhammadAchalen/vendor/laravel/framework/src/Illuminate/Foundation/Http/Middleware/ConvertEmptyStringsToNull.php(31): Illuminate\\Foundation\\Http\\Middleware\\TransformsRequest->handle(Object(Illuminate\\Http\\Request), Object(Closure))
#31 /home/runner/LAB-SI-4B-MuhammadAchalen/vendor/laravel/framework/src/Illuminate/Pipeline/Pipeline.php(180): Illuminate\\Foundation\\Http\\Middleware\\ConvertEmptyStringsToNull->handle(Object(Illuminate\\Http\\Request), Object(Closure))
#32 /home/runner/LAB-SI-4B-MuhammadAchalen/vendor/laravel/framework/src/Illuminate/Foundation/Http/Middleware/TransformsRequest.php(21): Illuminate\\Pipeline\\Pipeline->Illuminate\\Pipeline\\{closure}(Object(Illuminate\\Http\\Request))
#33 /home/runner/LAB-SI-4B-MuhammadAchalen/vendor/laravel/framework/src/Illuminate/Foundation/Http/Middleware/TrimStrings.php(40): Illuminate\\Foundation\\Http\\Middleware\\TransformsRequest->handle(Object(Illuminate\\Http\\Request), Object(Closure))
#34 /home/runner/LAB-SI-4B-MuhammadAchalen/vendor/laravel/framework/src/Illuminate/Pipeline/Pipeline.php(180): Illuminate\\Foundation\\Http\\Middleware\\TrimStrings->handle(Object(Illuminate\\Http\\Request), Object(Closure))
#35 /home/runner/LAB-SI-4B-MuhammadAchalen/vendor/laravel/framework/src/Illuminate/Foundation/Http/Middleware/ValidatePostSize.php(27): Illuminate\\Pipeline\\Pipeline->Illuminate\\Pipeline\\{closure}(Object(Illuminate\\Http\\Request))
#36 /home/runner/LAB-SI-4B-MuhammadAchalen/vendor/laravel/framework/src/Illuminate/Pipeline/Pipeline.php(180): Illuminate\\Foundation\\Http\\Middleware\\ValidatePostSize->handle(Object(Illuminate\\Http\\Request), Object(Closure))
#37 /home/runner/LAB-SI-4B-MuhammadAchalen/vendor/laravel/framework/src/Illuminate/Foundation/Http/Middleware/PreventRequestsDuringMaintenance.php(86): Illuminate\\Pipeline\\Pipeline->Illuminate\\Pipeline\\{closure}(Object(Illuminate\\Http\\Request))
#38 /home/runner/LAB-SI-4B-MuhammadAchalen/vendor/laravel/framework/src/Illuminate/Pipeline/Pipeline.php(180): Illuminate\\Foundation\\Http\\Middleware\\PreventRequestsDuringMaintenance->handle(Object(Illuminate\\Http\\Request), Object(Closure))
#39 /home/runner/LAB-SI-4B-MuhammadAchalen/vendor/laravel/framework/src/Illuminate/Http/Middleware/HandleCors.php(49): Illuminate\\Pipeline\\Pipeline->Illuminate\\Pipeline\\{closure}(Object(Illuminate\\Http\\Request))
#40 /home/runner/LAB-SI-4B-MuhammadAchalen/vendor/laravel/framework/src/Illuminate/Pipeline/Pipeline.php(180): Illuminate\\Http\\Middleware\\HandleCors->handle(Object(Illuminate\\Http\\Request), Object(Closure))
#41 /home/runner/LAB-SI-4B-MuhammadAchalen/vendor/laravel/framework/src/Illuminate/Http/Middleware/TrustProxies.php(39): Illuminate\\Pipeline\\Pipeline->Illuminate\\Pipeline\\{closure}(Object(Illuminate\\Http\\Request))
#42 /home/runner/LAB-SI-4B-MuhammadAchalen/vendor/laravel/framework/src/Illuminate/Pipeline/Pipeline.php(180): Illuminate\\Http\\Middleware\\TrustProxies->handle(Object(Illuminate\\Http\\Request), Object(Closure))
#43 /home/runner/LAB-SI-4B-MuhammadAchalen/vendor/laravel/framework/src/Illuminate/Pipeline/Pipeline.php(116): Illuminate\\Pipeline\\Pipeline->Illuminate\\Pipeline\\{closure}(Object(Illuminate\\Http\\Request))
#44 /home/runner/LAB-SI-4B-MuhammadAchalen/vendor/laravel/framework/src/Illuminate/Foundation/Http/Kernel.php(165): Illuminate\\Pipeline\\Pipeline->then(Object(Closure))
#45 /home/runner/LAB-SI-4B-MuhammadAchalen/vendor/laravel/framework/src/Illuminate/Foundation/Http/Kernel.php(134): Illuminate\\Foundation\\Http\\Kernel->sendRequestThroughRouter(Object(Illuminate\\Http\\Request))
#46 /home/runner/LAB-SI-4B-MuhammadAchalen/public/index.php(52): Illuminate\\Foundation\\Http\\Kernel->handle(Object(Illuminate\\Http\\Request))
#47 /home/runner/LAB-SI-4B-MuhammadAchalen/vendor/laravel/framework/src/Illuminate/Foundation/resources/server.php(16): require_once('/home/runner/LA...')
#48 {main}
"} 
[2023-04-28 12:19:00] local.ERROR: View [portofolio2] not found. {"exception":"[object] (InvalidArgumentException(code: 0): View [portofolio2] not found. at /home/runner/LAB-SI-4B-MuhammadAchalen/vendor/laravel/framework/src/Illuminate/View/FileViewFinder.php:137)
[stacktrace]
#0 /home/runner/LAB-SI-4B-MuhammadAchalen/vendor/laravel/framework/src/Illuminate/View/FileViewFinder.php(79): Illuminate\\View\\FileViewFinder->findInPaths('portofolio2', Array)
#1 /home/runner/LAB-SI-4B-MuhammadAchalen/vendor/laravel/framework/src/Illuminate/View/Factory.php(138): Illuminate\\View\\FileViewFinder->find('portofolio2')
#2 /home/runner/LAB-SI-4B-MuhammadAchalen/vendor/laravel/framework/src/Illuminate/Foundation/helpers.php(1031): Illuminate\\View\\Factory->make('portofolio2', Array, Array)
#3 /home/runner/LAB-SI-4B-MuhammadAchalen/routes/web.php(23): view('portofolio2')
#4 /home/runner/LAB-SI-4B-MuhammadAchalen/vendor/laravel/framework/src/Illuminate/Routing/CallableDispatcher.php(40): Illuminate\\Routing\\RouteFileRegistrar->{closure}()
#5 /home/runner/LAB-SI-4B-MuhammadAchalen/vendor/laravel/framework/src/Illuminate/Routing/Route.php(237): Illuminate\\Routing\\CallableDispatcher->dispatch(Object(Illuminate\\Routing\\Route), Object(Closure))
#6 /home/runner/LAB-SI-4B-MuhammadAchalen/vendor/laravel/framework/src/Illuminate/Routing/Route.php(208): Illuminate\\Routing\\Route->runCallable()
#7 /home/runner/LAB-SI-4B-MuhammadAchalen/vendor/laravel/framework/src/Illuminate/Routing/Router.php(798): Illuminate\\Routing\\Route->run()
#8 /home/runner/LAB-SI-4B-MuhammadAchalen/vendor/laravel/framework/src/Illuminate/Pipeline/Pipeline.php(141): Illuminate\\Routing\\Router->Illuminate\\Routing\\{closure}(Object(Illuminate\\Http\\Request))
#9 /home/runner/LAB-SI-4B-MuhammadAchalen/vendor/laravel/framework/src/Illuminate/Routing/Middleware/SubstituteBindings.php(50): Illuminate\\Pipeline\\Pipeline->Illuminate\\Pipeline\\{closure}(Object(Illuminate\\Http\\Request))
#10 /home/runner/LAB-SI-4B-MuhammadAchalen/vendor/laravel/framework/src/Illuminate/Pipeline/Pipeline.php(180): Illuminate\\Routing\\Middleware\\SubstituteBindings->handle(Object(Illuminate\\Http\\Request), Object(Closure))
#11 /home/runner/LAB-SI-4B-MuhammadAchalen/vendor/laravel/framework/src/Illuminate/Foundation/Http/Middleware/VerifyCsrfToken.php(78): Illuminate\\Pipeline\\Pipeline->Illuminate\\Pipeline\\{closure}(Object(Illuminate\\Http\\Request))
#12 /home/runner/LAB-SI-4B-MuhammadAchalen/vendor/laravel/framework/src/Illuminate/Pipeline/Pipeline.php(180): Illuminate\\Foundation\\Http\\Middleware\\VerifyCsrfToken->handle(Object(Illuminate\\Http\\Request), Object(Closure))
#13 /home/runner/LAB-SI-4B-MuhammadAchalen/vendor/laravel/framework/src/Illuminate/View/Middleware/ShareErrorsFromSession.php(49): Illuminate\\Pipeline\\Pipeline->Illuminate\\Pipeline\\{closure}(Object(Illuminate\\Http\\Request))
#14 /home/runner/LAB-SI-4B-MuhammadAchalen/vendor/laravel/framework/src/Illuminate/Pipeline/Pipeline.php(180): Illuminate\\View\\Middleware\\ShareErrorsFromSession->handle(Object(Illuminate\\Http\\Request), Object(Closure))
#15 /home/runner/LAB-SI-4B-MuhammadAchalen/vendor/laravel/framework/src/Illuminate/Session/Middleware/StartSession.php(121): Illuminate\\Pipeline\\Pipeline->Illuminate\\Pipeline\\{closure}(Object(Illuminate\\Http\\Request))
#16 /home/runner/LAB-SI-4B-MuhammadAchalen/vendor/laravel/framework/src/Illuminate/Session/Middleware/StartSession.php(64): Illuminate\\Session\\Middleware\\StartSession->handleStatefulRequest(Object(Illuminate\\Http\\Request), Object(Illuminate\\Session\\Store), Object(Closure))
#17 /home/runner/LAB-SI-4B-MuhammadAchalen/vendor/laravel/framework/src/Illuminate/Pipeline/Pipeline.php(180): Illuminate\\Session\\Middleware\\StartSession->handle(Object(Illuminate\\Http\\Request), Object(Closure))
#18 /home/runner/LAB-SI-4B-MuhammadAchalen/vendor/laravel/framework/src/Illuminate/Cookie/Middleware/AddQueuedCookiesToResponse.php(37): Illuminate\\Pipeline\\Pipeline->Illuminate\\Pipeline\\{closure}(Object(Illuminate\\Http\\Request))
#19 /home/runner/LAB-SI-4B-MuhammadAchalen/vendor/laravel/framework/src/Illuminate/Pipeline/Pipeline.php(180): Illuminate\\Cookie\\Middleware\\AddQueuedCookiesToResponse->handle(Object(Illuminate\\Http\\Request), Object(Closure))
#20 /home/runner/LAB-SI-4B-MuhammadAchalen/vendor/laravel/framework/src/Illuminate/Cookie/Middleware/EncryptCookies.php(67): Illuminate\\Pipeline\\Pipeline->Illuminate\\Pipeline\\{closure}(Object(Illuminate\\Http\\Request))
#21 /home/runner/LAB-SI-4B-MuhammadAchalen/vendor/laravel/framework/src/Illuminate/Pipeline/Pipeline.php(180): Illuminate\\Cookie\\Middleware\\EncryptCookies->handle(Object(Illuminate\\Http\\Request), Object(Closure))
#22 /home/runner/LAB-SI-4B-MuhammadAchalen/vendor/laravel/framework/src/Illuminate/Pipeline/Pipeline.php(116): Illuminate\\Pipeline\\Pipeline->Illuminate\\Pipeline\\{closure}(Object(Illuminate\\Http\\Request))
#23 /home/runner/LAB-SI-4B-MuhammadAchalen/vendor/laravel/framework/src/Illuminate/Routing/Router.php(799): Illuminate\\Pipeline\\Pipeline->then(Object(Closure))
#24 /home/runner/LAB-SI-4B-MuhammadAchalen/vendor/laravel/framework/src/Illuminate/Routing/Router.php(776): Illuminate\\Routing\\Router->runRouteWithinStack(Object(Illuminate\\Routing\\Route), Object(Illuminate\\Http\\Request))
#25 /home/runner/LAB-SI-4B-MuhammadAchalen/vendor/laravel/framework/src/Illuminate/Routing/Router.php(740): Illuminate\\Routing\\Router->runRoute(Object(Illuminate\\Http\\Request), Object(Illuminate\\Routing\\Route))
#26 /home/runner/LAB-SI-4B-MuhammadAchalen/vendor/laravel/framework/src/Illuminate/Routing/Router.php(729): Illuminate\\Routing\\Router->dispatchToRoute(Object(Illuminate\\Http\\Request))
#27 /home/runner/LAB-SI-4B-MuhammadAchalen/vendor/laravel/framework/src/Illuminate/Foundation/Http/Kernel.php(190): Illuminate\\Routing\\Router->dispatch(Object(Illuminate\\Http\\Request))
#28 /home/runner/LAB-SI-4B-MuhammadAchalen/vendor/laravel/framework/src/Illuminate/Pipeline/Pipeline.php(141): Illuminate\\Foundation\\Http\\Kernel->Illuminate\\Foundation\\Http\\{closure}(Object(Illuminate\\Http\\Request))
#29 /home/runner/LAB-SI-4B-MuhammadAchalen/vendor/laravel/framework/src/Illuminate/Foundation/Http/Middleware/TransformsRequest.php(21): Illuminate\\Pipeline\\Pipeline->Illuminate\\Pipeline\\{closure}(Object(Illuminate\\Http\\Request))
#30 /home/runner/LAB-SI-4B-MuhammadAchalen/vendor/laravel/framework/src/Illuminate/Foundation/Http/Middleware/ConvertEmptyStringsToNull.php(31): Illuminate\\Foundation\\Http\\Middleware\\TransformsRequest->handle(Object(Illuminate\\Http\\Request), Object(Closure))
#31 /home/runner/LAB-SI-4B-MuhammadAchalen/vendor/laravel/framework/src/Illuminate/Pipeline/Pipeline.php(180): Illuminate\\Foundation\\Http\\Middleware\\ConvertEmptyStringsToNull->handle(Object(Illuminate\\Http\\Request), Object(Closure))
#32 /home/runner/LAB-SI-4B-MuhammadAchalen/vendor/laravel/framework/src/Illuminate/Foundation/Http/Middleware/TransformsRequest.php(21): Illuminate\\Pipeline\\Pipeline->Illuminate\\Pipeline\\{closure}(Object(Illuminate\\Http\\Request))
#33 /home/runner/LAB-SI-4B-MuhammadAchalen/vendor/laravel/framework/src/Illuminate/Foundation/Http/Middleware/TrimStrings.php(40): Illuminate\\Foundation\\Http\\Middleware\\TransformsRequest->handle(Object(Illuminate\\Http\\Request), Object(Closure))
#34 /home/runner/LAB-SI-4B-MuhammadAchalen/vendor/laravel/framework/src/Illuminate/Pipeline/Pipeline.php(180): Illuminate\\Foundation\\Http\\Middleware\\TrimStrings->handle(Object(Illuminate\\Http\\Request), Object(Closure))
#35 /home/runner/LAB-SI-4B-MuhammadAchalen/vendor/laravel/framework/src/Illuminate/Foundation/Http/Middleware/ValidatePostSize.php(27): Illuminate\\Pipeline\\Pipeline->Illuminate\\Pipeline\\{closure}(Object(Illuminate\\Http\\Request))
#36 /home/runner/LAB-SI-4B-MuhammadAchalen/vendor/laravel/framework/src/Illuminate/Pipeline/Pipeline.php(180): Illuminate\\Foundation\\Http\\Middleware\\ValidatePostSize->handle(Object(Illuminate\\Http\\Request), Object(Closure))
#37 /home/runner/LAB-SI-4B-MuhammadAchalen/vendor/laravel/framework/src/Illuminate/Foundation/Http/Middleware/PreventRequestsDuringMaintenance.php(86): Illuminate\\Pipeline\\Pipeline->Illuminate\\Pipeline\\{closure}(Object(Illuminate\\Http\\Request))
#38 /home/runner/LAB-SI-4B-MuhammadAchalen/vendor/laravel/framework/src/Illuminate/Pipeline/Pipeline.php(180): Illuminate\\Foundation\\Http\\Middleware\\PreventRequestsDuringMaintenance->handle(Object(Illuminate\\Http\\Request), Object(Closure))
#39 /home/runner/LAB-SI-4B-MuhammadAchalen/vendor/laravel/framework/src/Illuminate/Http/Middleware/HandleCors.php(49): Illuminate\\Pipeline\\Pipeline->Illuminate\\Pipeline\\{closure}(Object(Illuminate\\Http\\Request))
#40 /home/runner/LAB-SI-4B-MuhammadAchalen/vendor/laravel/framework/src/Illuminate/Pipeline/Pipeline.php(180): Illuminate\\Http\\Middleware\\HandleCors->handle(Object(Illuminate\\Http\\Request), Object(Closure))
#41 /home/runner/LAB-SI-4B-MuhammadAchalen/vendor/laravel/framework/src/Illuminate/Http/Middleware/TrustProxies.php(39): Illuminate\\Pipeline\\Pipeline->Illuminate\\Pipeline\\{closure}(Object(Illuminate\\Http\\Request))
#42 /home/runner/LAB-SI-4B-MuhammadAchalen/vendor/laravel/framework/src/Illuminate/Pipeline/Pipeline.php(180): Illuminate\\Http\\Middleware\\TrustProxies->handle(Object(Illuminate\\Http\\Request), Object(Closure))
#43 /home/runner/LAB-SI-4B-MuhammadAchalen/vendor/laravel/framework/src/Illuminate/Pipeline/Pipeline.php(116): Illuminate\\Pipeline\\Pipeline->Illuminate\\Pipeline\\{closure}(Object(Illuminate\\Http\\Request))
#44 /home/runner/LAB-SI-4B-MuhammadAchalen/vendor/laravel/framework/src/Illuminate/Foundation/Http/Kernel.php(165): Illuminate\\Pipeline\\Pipeline->then(Object(Closure))
#45 /home/runner/LAB-SI-4B-MuhammadAchalen/vendor/laravel/framework/src/Illuminate/Foundation/Http/Kernel.php(134): Illuminate\\Foundation\\Http\\Kernel->sendRequestThroughRouter(Object(Illuminate\\Http\\Request))
#46 /home/runner/LAB-SI-4B-MuhammadAchalen/public/index.php(52): Illuminate\\Foundation\\Http\\Kernel->handle(Object(Illuminate\\Http\\Request))
#47 /home/runner/LAB-SI-4B-MuhammadAchalen/vendor/laravel/framework/src/Illuminate/Foundation/resources/server.php(16): require_once('/home/runner/LA...')
#48 {main}
"} 
